<?xml version="1.0" encoding="UTF-8"?>
<!-- Generated by org.testng.reporters.JUnitXMLReporter -->
<testsuite hostname="360NDCLP182" ignored="0" name="Free CRM test case" tests="3" failures="0" timestamp="02 Jul 2020 14:48:54 GMT" time="39.545" errors="0">
  <testcase name="validatePageTitle" time="0.018" classname="com.crm.qa.test.LoginTest"/>
  <testcase name="validateInvalidLogin" time="1.531" classname="com.crm.qa.test.LoginTest"/>
  <testcase name="validateLogin" time="1.871" classname="com.crm.qa.test.LoginTest"/>
</testsuite> <!-- Free CRM test case -->
