<?xml version="1.0" encoding="UTF-8"?>
<!-- Generated by org.testng.reporters.JUnitXMLReporter -->
<testsuite hostname="360NDCLP182" ignored="0" name="Default test" tests="3" failures="0" timestamp="02 Jul 2020 15:18:16 GMT" time="173.499" errors="0">
  <testcase name="validatePageTitle" time="0.015" classname="com.crm.qa.test.LoginTest"/>
  <testcase name="validateInvalidLogin" time="1.725" classname="com.crm.qa.test.LoginTest"/>
  <testcase name="validateLogin" time="4.542" classname="com.crm.qa.test.LoginTest"/>
</testsuite> <!-- Default test -->
