<?xml version="1.0" encoding="UTF-8"?>
<!-- Generated by org.testng.reporters.JUnitXMLReporter -->
<testsuite hostname="360NDCLP182" ignored="2" name="Default test" tests="1" failures="0" timestamp="15 Jul 2020 11:57:05 GMT" time="14.566" errors="0">
  <testcase name="validateLogin" time="1.64" classname="com.crm.qa.test.LoginTest"/>
  <testcase name="validateInvalidLogin" time="0.0" classname="com.crm.qa.test.LoginTest">
    <ignored/>
  </testcase> <!-- validateInvalidLogin -->
  <testcase name="validatePageTitle" time="0.0" classname="com.crm.qa.test.LoginTest">
    <ignored/>
  </testcase> <!-- validatePageTitle -->
</testsuite> <!-- Default test -->
