<?xml version="1.0" encoding="UTF-8"?>
<!-- Generated by org.testng.reporters.JUnitXMLReporter -->
<testsuite hostname="360NDCLP104" ignored="0" name="Free CRM test case" tests="8" failures="1" timestamp="12 Jun 2020 05:46:40 GMT" time="243.839" errors="0">
  <testcase name="validateLogin" time="3.579" classname="com.crm.qa.test.LoginTest"/>
  <testcase name="validatePageTitle" time="0.012" classname="com.crm.qa.test.LoginTest"/>
  <testcase name="validateinvalidLogin" time="1.839" classname="com.crm.qa.test.LoginTest"/>
  <testcase name="showMenuList" time="3.514" classname="com.crm.qa.test.HomeTest"/>
  <testcase name="verifyCalenderPage" time="3.676" classname="com.crm.qa.test.HomeTest"/>
  <testcase name="verifyContactPage" time="3.066" classname="com.crm.qa.test.HomeTest">
    <failure type="java.lang.ClassCastException" message="com.crm.qa.pages.Calendar cannot be cast to com.crm.qa.pages.Contact">
      <![CDATA[java.lang.ClassCastException: com.crm.qa.pages.Calendar cannot be cast to com.crm.qa.pages.Contact
at com.crm.qa.test.HomeTest.verifyContactPage(HomeTest.java:59)
... Removed 25 stack frames]]>
    </failure>
  </testcase> <!-- verifyContactPage -->
  <testcase name="verifyManuClick" time="2.48" classname="com.crm.qa.test.HomeTest"/>
  <testcase name="validateSelectContact" time="6.417" classname="com.crm.qa.test.ContactTest"/>
</testsuite> <!-- Free CRM test case -->
