<?xml version="1.0" encoding="UTF-8"?>
<testsuite xmlns:xsi="http://www.w3.org/2001/XMLSchema-instance" xsi:noNamespaceSchemaLocation="https://maven.apache.org/surefire/maven-surefire-plugin/xsd/surefire-test-report.xsd" name="TestSuite" time="445.413" tests="21" errors="0" skipped="17" failures="3">
  <properties>
[...]
</properties>
  <testcase name="validateLogin" classname="com.crm.qa.test.LoginTest" time="23.225"/>
  <testcase name="setup" classname="com.crm.qa.test.LoginTest" time="330.579">
    <failure message="timeout: Timed out receiving message from renderer: 293.856&#10;  (Session info: chrome=83.0.4103.106)&#10;Build info: version: &apos;3.14.0&apos;, revision: &apos;aacccce0&apos;, time: &apos;2018-08-02T20:19:58.91Z&apos;&#10;System info: host: &apos;360NDCLP104&apos;, ip: &apos;192.168.43.68&apos;, os.name: &apos;Windows 10&apos;, os.arch: &apos;amd64&apos;, os.version: &apos;10.0&apos;, java.version: &apos;1.8.0_231&apos;&#10;Driver info: org.openqa.selenium.chrome.ChromeDriver&#10;Capabilities {acceptInsecureCerts: false, browserName: chrome, browserVersion: 83.0.4103.106, chrome: {chromedriverVersion: 83.0.4103.39 (ccbf011cb2d2b..., userDataDir: C:\Users\RAJNEE~1\AppData\L...}, goog:chromeOptions: {debuggerAddress: localhost:63560}, javascriptEnabled: true, networkConnectionEnabled: false, pageLoadStrategy: normal, platform: WINDOWS, platformName: WINDOWS, proxy: Proxy(), setWindowRect: true, strictFileInteractability: false, timeouts: {implicit: 0, pageLoad: 300000, script: 30000}, unhandledPromptBehavior: dismiss and notify, webauthn:virtualAuthenticators: true}&#10;Session ID: d7930e8eb7ddd0f231e483c0f35902bf" type="org.openqa.selenium.TimeoutException">org.openqa.selenium.TimeoutException: 
timeout: Timed out receiving message from renderer: 293.856
  (Session info: chrome=83.0.4103.106)
Build info: version: '3.14.0', revision: 'aacccce0', time: '2018-08-02T20:19:58.91Z'
System info: host: '360NDCLP104', ip: '192.168.43.68', os.name: 'Windows 10', os.arch: 'amd64', os.version: '10.0', java.version: '1.8.0_231'
Driver info: org.openqa.selenium.chrome.ChromeDriver
Capabilities {acceptInsecureCerts: false, browserName: chrome, browserVersion: 83.0.4103.106, chrome: {chromedriverVersion: 83.0.4103.39 (ccbf011cb2d2b..., userDataDir: C:\Users\RAJNEE~1\AppData\L...}, goog:chromeOptions: {debuggerAddress: localhost:63560}, javascriptEnabled: true, networkConnectionEnabled: false, pageLoadStrategy: normal, platform: WINDOWS, platformName: WINDOWS, proxy: Proxy(), setWindowRect: true, strictFileInteractability: false, timeouts: {implicit: 0, pageLoad: 300000, script: 30000}, unhandledPromptBehavior: dismiss and notify, webauthn:virtualAuthenticators: true}
Session ID: d7930e8eb7ddd0f231e483c0f35902bf
	at com.crm.qa.test.LoginTest.setup(LoginTest.java:25)
</failure>
    <system-out><![CDATA[C:\Users\rajneeshk\workspace\FreeCRM
]]></system-out>
    <system-err><![CDATA[Starting ChromeDriver 83.0.4103.39 (ccbf011cb2d2b19b506d844400483861342c20cd-refs/branch-heads/4103@{#416}) on port 43187
Only local connections are allowed.
Please see https://chromedriver.chromium.org/security-considerations for suggestions on keeping ChromeDriver safe.
ChromeDriver was started successfully.
Jun 22, 2020 8:58:32 PM org.openqa.selenium.remote.ProtocolHandshake createSession
INFO: Detected dialect: W3C
[1592840012.187][SEVERE]: Timed out receiving message from renderer: 293.856
[1592840012.221][SEVERE]: Timed out receiving message from renderer: 293.856
Jun 22, 2020 9:03:32 PM org.openqa.selenium.remote.ErrorCodes toStatus
INFO: HTTP Status: '500' -> incorrect JSON status mapping for 'timeout' (408 expected)
]]></system-err>
  </testcase>
  <testcase name="setup" classname="com.crm.qa.test.LoginTest" time="0">
    <skipped/>
  </testcase>
  <testcase name="validatePageTitle" classname="com.crm.qa.test.LoginTest" time="0">
    <skipped message="timeout: Timed out receiving message from renderer: 293.856&#10;  (Session info: chrome=83.0.4103.106)&#10;Build info: version: &apos;3.14.0&apos;, revision: &apos;aacccce0&apos;, time: &apos;2018-08-02T20:19:58.91Z&apos;&#10;System info: host: &apos;360NDCLP104&apos;, ip: &apos;192.168.43.68&apos;, os.name: &apos;Windows 10&apos;, os.arch: &apos;amd64&apos;, os.version: &apos;10.0&apos;, java.version: &apos;1.8.0_231&apos;&#10;Driver info: org.openqa.selenium.chrome.ChromeDriver&#10;Capabilities {acceptInsecureCerts: false, browserName: chrome, browserVersion: 83.0.4103.106, chrome: {chromedriverVersion: 83.0.4103.39 (ccbf011cb2d2b..., userDataDir: C:\Users\RAJNEE~1\AppData\L...}, goog:chromeOptions: {debuggerAddress: localhost:63560}, javascriptEnabled: true, networkConnectionEnabled: false, pageLoadStrategy: normal, platform: WINDOWS, platformName: WINDOWS, proxy: Proxy(), setWindowRect: true, strictFileInteractability: false, timeouts: {implicit: 0, pageLoad: 300000, script: 30000}, unhandledPromptBehavior: dismiss and notify, webauthn:virtualAuthenticators: true}&#10;Session ID: d7930e8eb7ddd0f231e483c0f35902bf"/>
  </testcase>
  <testcase name="validateinvalidLogin" classname="com.crm.qa.test.LoginTest" time="0">
    <skipped message="timeout: Timed out receiving message from renderer: 293.856&#10;  (Session info: chrome=83.0.4103.106)&#10;Build info: version: &apos;3.14.0&apos;, revision: &apos;aacccce0&apos;, time: &apos;2018-08-02T20:19:58.91Z&apos;&#10;System info: host: &apos;360NDCLP104&apos;, ip: &apos;192.168.43.68&apos;, os.name: &apos;Windows 10&apos;, os.arch: &apos;amd64&apos;, os.version: &apos;10.0&apos;, java.version: &apos;1.8.0_231&apos;&#10;Driver info: org.openqa.selenium.chrome.ChromeDriver&#10;Capabilities {acceptInsecureCerts: false, browserName: chrome, browserVersion: 83.0.4103.106, chrome: {chromedriverVersion: 83.0.4103.39 (ccbf011cb2d2b..., userDataDir: C:\Users\RAJNEE~1\AppData\L...}, goog:chromeOptions: {debuggerAddress: localhost:63560}, javascriptEnabled: true, networkConnectionEnabled: false, pageLoadStrategy: normal, platform: WINDOWS, platformName: WINDOWS, proxy: Proxy(), setWindowRect: true, strictFileInteractability: false, timeouts: {implicit: 0, pageLoad: 300000, script: 30000}, unhandledPromptBehavior: dismiss and notify, webauthn:virtualAuthenticators: true}&#10;Session ID: d7930e8eb7ddd0f231e483c0f35902bf"/>
  </testcase>
  <testcase name="setup" classname="com.crm.qa.test.HomeTest" time="364.324">
    <failure type="java.lang.NullPointerException">java.lang.NullPointerException
	at com.crm.qa.test.HomeTest.setup(HomeTest.java:32)
</failure>
    <system-out><![CDATA[C:\Users\rajneeshk\workspace\FreeCRM
]]></system-out>
    <system-err><![CDATA[Starting ChromeDriver 83.0.4103.39 (ccbf011cb2d2b19b506d844400483861342c20cd-refs/branch-heads/4103@{#416}) on port 31897
Only local connections are allowed.
Please see https://chromedriver.chromium.org/security-considerations for suggestions on keeping ChromeDriver safe.
ChromeDriver was started successfully.
Jun 22, 2020 9:03:38 PM org.openqa.selenium.remote.ProtocolHandshake createSession
INFO: Detected dialect: W3C
]]></system-err>
  </testcase>
  <testcase name="setup" classname="com.crm.qa.test.HomeTest" time="0">
    <skipped/>
  </testcase>
  <testcase name="setup" classname="com.crm.qa.test.HomeTest" time="0">
    <skipped/>
  </testcase>
  <testcase name="setup" classname="com.crm.qa.test.HomeTest" time="0">
    <skipped/>
  </testcase>
  <testcase name="showMenuList" classname="com.crm.qa.test.HomeTest" time="0">
    <skipped/>
  </testcase>
  <testcase name="verifyCalenderPage" classname="com.crm.qa.test.HomeTest" time="0">
    <skipped/>
  </testcase>
  <testcase name="verifyContactPage" classname="com.crm.qa.test.HomeTest" time="0">
    <skipped/>
  </testcase>
  <testcase name="verifyManuClick" classname="com.crm.qa.test.HomeTest" time="0">
    <skipped/>
  </testcase>
  <testcase name="setup" classname="com.crm.qa.test.ContactTest" time="382.401">
    <failure message="session not created&#10;from chrome not reachable&#10;  (Session info: chrome=83.0.4103.106)&#10;Build info: version: &apos;3.14.0&apos;, revision: &apos;aacccce0&apos;, time: &apos;2018-08-02T20:19:58.91Z&apos;&#10;System info: host: &apos;360NDCLP104&apos;, ip: &apos;192.168.43.68&apos;, os.name: &apos;Windows 10&apos;, os.arch: &apos;amd64&apos;, os.version: &apos;10.0&apos;, java.version: &apos;1.8.0_231&apos;&#10;Driver info: driver.version: ChromeDriver&#10;remote stacktrace: Backtrace:&#10;	Ordinal0 [0x00FA9563+2725219]&#10;	Ordinal0 [0x00EA8551+1672529]&#10;	Ordinal0 [0x00D90202+524802]&#10;	Ordinal0 [0x00D899B2+498098]&#10;	Ordinal0 [0x00D8A09B+499867]&#10;	Ordinal0 [0x00D8AFF5+503797]&#10;	Ordinal0 [0x00D86994+485780]&#10;	Ordinal0 [0x00D90FF0+528368]&#10;	Ordinal0 [0x00D3D6C9+186057]&#10;	Ordinal0 [0x00D3CA3D+182845]&#10;	Ordinal0 [0x00D3A94B+174411]&#10;	Ordinal0 [0x00D22528+75048]&#10;	Ordinal0 [0x00D235A0+79264]&#10;	Ordinal0 [0x00D23539+79161]&#10;	Ordinal0 [0x00EBD607+1758727]&#10;	GetHandleVerifier [0x010C6546+1050150]&#10;	GetHandleVerifier [0x010C6291+1049457]&#10;	GetHandleVerifier [0x010D10D7+1094071]&#10;	GetHandleVerifier [0x010C6B46+1051686]&#10;	Ordinal0 [0x00EB5B06+1727238]&#10;	Ordinal0 [0x00EBEB7B+1764219]&#10;	Ordinal0 [0x00EBECE3+1764579]&#10;	Ordinal0 [0x00ED4C05+1854469]&#10;	BaseThreadInitThunk [0x751B6359+25]&#10;	RtlGetAppContainerNamedObjectPath [0x77A17C24+228]&#10;	RtlGetAppContainerNamedObjectPath [0x77A17BF4+180]&#10;" type="org.openqa.selenium.SessionNotCreatedException">org.openqa.selenium.SessionNotCreatedException: 
session not created
from chrome not reachable
  (Session info: chrome=83.0.4103.106)
Build info: version: '3.14.0', revision: 'aacccce0', time: '2018-08-02T20:19:58.91Z'
System info: host: '360NDCLP104', ip: '192.168.43.68', os.name: 'Windows 10', os.arch: 'amd64', os.version: '10.0', java.version: '1.8.0_231'
Driver info: driver.version: ChromeDriver
remote stacktrace: Backtrace:
	Ordinal0 [0x00FA9563+2725219]
	Ordinal0 [0x00EA8551+1672529]
	Ordinal0 [0x00D90202+524802]
	Ordinal0 [0x00D899B2+498098]
	Ordinal0 [0x00D8A09B+499867]
	Ordinal0 [0x00D8AFF5+503797]
	Ordinal0 [0x00D86994+485780]
	Ordinal0 [0x00D90FF0+528368]
	Ordinal0 [0x00D3D6C9+186057]
	Ordinal0 [0x00D3CA3D+182845]
	Ordinal0 [0x00D3A94B+174411]
	Ordinal0 [0x00D22528+75048]
	Ordinal0 [0x00D235A0+79264]
	Ordinal0 [0x00D23539+79161]
	Ordinal0 [0x00EBD607+1758727]
	GetHandleVerifier [0x010C6546+1050150]
	GetHandleVerifier [0x010C6291+1049457]
	GetHandleVerifier [0x010D10D7+1094071]
	GetHandleVerifier [0x010C6B46+1051686]
	Ordinal0 [0x00EB5B06+1727238]
	Ordinal0 [0x00EBEB7B+1764219]
	Ordinal0 [0x00EBECE3+1764579]
	Ordinal0 [0x00ED4C05+1854469]
	BaseThreadInitThunk [0x751B6359+25]
	RtlGetAppContainerNamedObjectPath [0x77A17C24+228]
	RtlGetAppContainerNamedObjectPath [0x77A17BF4+180]

	at com.crm.qa.test.ContactTest.setup(ContactTest.java:30)
</failure>
    <system-out><![CDATA[Sheet Name: Users
C:\Users\rajneeshk\workspace\FreeCRM
]]></system-out>
    <system-err><![CDATA[Starting ChromeDriver 83.0.4103.39 (ccbf011cb2d2b19b506d844400483861342c20cd-refs/branch-heads/4103@{#416}) on port 7003
Only local connections are allowed.
Please see https://chromedriver.chromium.org/security-considerations for suggestions on keeping ChromeDriver safe.
ChromeDriver was started successfully.
[1592840056.033][WARNING]: Timed out connecting to Chrome, retrying...
]]></system-err>
  </testcase>
  <testcase name="setup" classname="com.crm.qa.test.ContactTest" time="0">
    <skipped/>
  </testcase>
  <testcase name="setup" classname="com.crm.qa.test.ContactTest" time="0">
    <skipped/>
  </testcase>
  <testcase name="setup" classname="com.crm.qa.test.ContactTest" time="0">
    <skipped/>
  </testcase>
  <testcase name="validateCreateContact" classname="com.crm.qa.test.ContactTest" time="0">
    <skipped message="session not created&#10;from chrome not reachable&#10;  (Session info: chrome=83.0.4103.106)&#10;Build info: version: &apos;3.14.0&apos;, revision: &apos;aacccce0&apos;, time: &apos;2018-08-02T20:19:58.91Z&apos;&#10;System info: host: &apos;360NDCLP104&apos;, ip: &apos;192.168.43.68&apos;, os.name: &apos;Windows 10&apos;, os.arch: &apos;amd64&apos;, os.version: &apos;10.0&apos;, java.version: &apos;1.8.0_231&apos;&#10;Driver info: driver.version: ChromeDriver&#10;remote stacktrace: Backtrace:&#10;	Ordinal0 [0x00FA9563+2725219]&#10;	Ordinal0 [0x00EA8551+1672529]&#10;	Ordinal0 [0x00D90202+524802]&#10;	Ordinal0 [0x00D899B2+498098]&#10;	Ordinal0 [0x00D8A09B+499867]&#10;	Ordinal0 [0x00D8AFF5+503797]&#10;	Ordinal0 [0x00D86994+485780]&#10;	Ordinal0 [0x00D90FF0+528368]&#10;	Ordinal0 [0x00D3D6C9+186057]&#10;	Ordinal0 [0x00D3CA3D+182845]&#10;	Ordinal0 [0x00D3A94B+174411]&#10;	Ordinal0 [0x00D22528+75048]&#10;	Ordinal0 [0x00D235A0+79264]&#10;	Ordinal0 [0x00D23539+79161]&#10;	Ordinal0 [0x00EBD607+1758727]&#10;	GetHandleVerifier [0x010C6546+1050150]&#10;	GetHandleVerifier [0x010C6291+1049457]&#10;	GetHandleVerifier [0x010D10D7+1094071]&#10;	GetHandleVerifier [0x010C6B46+1051686]&#10;	Ordinal0 [0x00EB5B06+1727238]&#10;	Ordinal0 [0x00EBEB7B+1764219]&#10;	Ordinal0 [0x00EBECE3+1764579]&#10;	Ordinal0 [0x00ED4C05+1854469]&#10;	BaseThreadInitThunk [0x751B6359+25]&#10;	RtlGetAppContainerNamedObjectPath [0x77A17C24+228]&#10;	RtlGetAppContainerNamedObjectPath [0x77A17BF4+180]&#10;"/>
  </testcase>
  <testcase name="validateCreateContact" classname="com.crm.qa.test.ContactTest" time="0">
    <skipped message="session not created&#10;from chrome not reachable&#10;  (Session info: chrome=83.0.4103.106)&#10;Build info: version: &apos;3.14.0&apos;, revision: &apos;aacccce0&apos;, time: &apos;2018-08-02T20:19:58.91Z&apos;&#10;System info: host: &apos;360NDCLP104&apos;, ip: &apos;192.168.43.68&apos;, os.name: &apos;Windows 10&apos;, os.arch: &apos;amd64&apos;, os.version: &apos;10.0&apos;, java.version: &apos;1.8.0_231&apos;&#10;Driver info: driver.version: ChromeDriver&#10;remote stacktrace: Backtrace:&#10;	Ordinal0 [0x00FA9563+2725219]&#10;	Ordinal0 [0x00EA8551+1672529]&#10;	Ordinal0 [0x00D90202+524802]&#10;	Ordinal0 [0x00D899B2+498098]&#10;	Ordinal0 [0x00D8A09B+499867]&#10;	Ordinal0 [0x00D8AFF5+503797]&#10;	Ordinal0 [0x00D86994+485780]&#10;	Ordinal0 [0x00D90FF0+528368]&#10;	Ordinal0 [0x00D3D6C9+186057]&#10;	Ordinal0 [0x00D3CA3D+182845]&#10;	Ordinal0 [0x00D3A94B+174411]&#10;	Ordinal0 [0x00D22528+75048]&#10;	Ordinal0 [0x00D235A0+79264]&#10;	Ordinal0 [0x00D23539+79161]&#10;	Ordinal0 [0x00EBD607+1758727]&#10;	GetHandleVerifier [0x010C6546+1050150]&#10;	GetHandleVerifier [0x010C6291+1049457]&#10;	GetHandleVerifier [0x010D10D7+1094071]&#10;	GetHandleVerifier [0x010C6B46+1051686]&#10;	Ordinal0 [0x00EB5B06+1727238]&#10;	Ordinal0 [0x00EBEB7B+1764219]&#10;	Ordinal0 [0x00EBECE3+1764579]&#10;	Ordinal0 [0x00ED4C05+1854469]&#10;	BaseThreadInitThunk [0x751B6359+25]&#10;	RtlGetAppContainerNamedObjectPath [0x77A17C24+228]&#10;	RtlGetAppContainerNamedObjectPath [0x77A17BF4+180]&#10;"/>
  </testcase>
  <testcase name="validateCreateContact" classname="com.crm.qa.test.ContactTest" time="0">
    <skipped message="session not created&#10;from chrome not reachable&#10;  (Session info: chrome=83.0.4103.106)&#10;Build info: version: &apos;3.14.0&apos;, revision: &apos;aacccce0&apos;, time: &apos;2018-08-02T20:19:58.91Z&apos;&#10;System info: host: &apos;360NDCLP104&apos;, ip: &apos;192.168.43.68&apos;, os.name: &apos;Windows 10&apos;, os.arch: &apos;amd64&apos;, os.version: &apos;10.0&apos;, java.version: &apos;1.8.0_231&apos;&#10;Driver info: driver.version: ChromeDriver&#10;remote stacktrace: Backtrace:&#10;	Ordinal0 [0x00FA9563+2725219]&#10;	Ordinal0 [0x00EA8551+1672529]&#10;	Ordinal0 [0x00D90202+524802]&#10;	Ordinal0 [0x00D899B2+498098]&#10;	Ordinal0 [0x00D8A09B+499867]&#10;	Ordinal0 [0x00D8AFF5+503797]&#10;	Ordinal0 [0x00D86994+485780]&#10;	Ordinal0 [0x00D90FF0+528368]&#10;	Ordinal0 [0x00D3D6C9+186057]&#10;	Ordinal0 [0x00D3CA3D+182845]&#10;	Ordinal0 [0x00D3A94B+174411]&#10;	Ordinal0 [0x00D22528+75048]&#10;	Ordinal0 [0x00D235A0+79264]&#10;	Ordinal0 [0x00D23539+79161]&#10;	Ordinal0 [0x00EBD607+1758727]&#10;	GetHandleVerifier [0x010C6546+1050150]&#10;	GetHandleVerifier [0x010C6291+1049457]&#10;	GetHandleVerifier [0x010D10D7+1094071]&#10;	GetHandleVerifier [0x010C6B46+1051686]&#10;	Ordinal0 [0x00EB5B06+1727238]&#10;	Ordinal0 [0x00EBEB7B+1764219]&#10;	Ordinal0 [0x00EBECE3+1764579]&#10;	Ordinal0 [0x00ED4C05+1854469]&#10;	BaseThreadInitThunk [0x751B6359+25]&#10;	RtlGetAppContainerNamedObjectPath [0x77A17C24+228]&#10;	RtlGetAppContainerNamedObjectPath [0x77A17BF4+180]&#10;"/>
  </testcase>
  <testcase name="validateCreateContact" classname="com.crm.qa.test.ContactTest" time="0">
    <skipped message="session not created&#10;from chrome not reachable&#10;  (Session info: chrome=83.0.4103.106)&#10;Build info: version: &apos;3.14.0&apos;, revision: &apos;aacccce0&apos;, time: &apos;2018-08-02T20:19:58.91Z&apos;&#10;System info: host: &apos;360NDCLP104&apos;, ip: &apos;192.168.43.68&apos;, os.name: &apos;Windows 10&apos;, os.arch: &apos;amd64&apos;, os.version: &apos;10.0&apos;, java.version: &apos;1.8.0_231&apos;&#10;Driver info: driver.version: ChromeDriver&#10;remote stacktrace: Backtrace:&#10;	Ordinal0 [0x00FA9563+2725219]&#10;	Ordinal0 [0x00EA8551+1672529]&#10;	Ordinal0 [0x00D90202+524802]&#10;	Ordinal0 [0x00D899B2+498098]&#10;	Ordinal0 [0x00D8A09B+499867]&#10;	Ordinal0 [0x00D8AFF5+503797]&#10;	Ordinal0 [0x00D86994+485780]&#10;	Ordinal0 [0x00D90FF0+528368]&#10;	Ordinal0 [0x00D3D6C9+186057]&#10;	Ordinal0 [0x00D3CA3D+182845]&#10;	Ordinal0 [0x00D3A94B+174411]&#10;	Ordinal0 [0x00D22528+75048]&#10;	Ordinal0 [0x00D235A0+79264]&#10;	Ordinal0 [0x00D23539+79161]&#10;	Ordinal0 [0x00EBD607+1758727]&#10;	GetHandleVerifier [0x010C6546+1050150]&#10;	GetHandleVerifier [0x010C6291+1049457]&#10;	GetHandleVerifier [0x010D10D7+1094071]&#10;	GetHandleVerifier [0x010C6B46+1051686]&#10;	Ordinal0 [0x00EB5B06+1727238]&#10;	Ordinal0 [0x00EBEB7B+1764219]&#10;	Ordinal0 [0x00EBECE3+1764579]&#10;	Ordinal0 [0x00ED4C05+1854469]&#10;	BaseThreadInitThunk [0x751B6359+25]&#10;	RtlGetAppContainerNamedObjectPath [0x77A17C24+228]&#10;	RtlGetAppContainerNamedObjectPath [0x77A17BF4+180]&#10;"/>
  </testcase>
</testsuite>