<?xml version="1.0" encoding="UTF-8"?>
<testng-results skipped="0" failed="1" ignored="0" total="3" passed="2">
  <reporter-output>
  </reporter-output>
  <suite name="Free CRM Test suite" duration-ms="40223" started-at="2020-07-15T18:51:28Z" finished-at="2020-07-15T18:52:08Z">
    <groups>
    </groups>
    <test name="Free CRM test case" duration-ms="40223" started-at="2020-07-15T18:51:28Z" finished-at="2020-07-15T18:52:08Z">
      <class name="com.crm.qa.test.LoginTest">
        <test-method status="PASS" signature="setExtent()[pri:0, instance:com.crm.qa.test.LoginTest@2ef9b8bc]" name="setExtent" is-config="true" duration-ms="172" started-at="2020-07-16T00:21:27Z" finished-at="2020-07-16T00:21:28Z">
          <reporter-output>
          </reporter-output>
        </test-method> <!-- setExtent -->
        <test-method status="PASS" signature="setup()[pri:0, instance:com.crm.qa.test.LoginTest@2ef9b8bc]" name="setup" is-config="true" duration-ms="12749" started-at="2020-07-16T00:21:28Z" finished-at="2020-07-16T00:21:40Z">
          <reporter-output>
          </reporter-output>
        </test-method> <!-- setup -->
        <test-method status="FAIL" signature="validatePageTitle()[pri:1, instance:com.crm.qa.test.LoginTest@2ef9b8bc]" name="validatePageTitle" duration-ms="16" started-at="2020-07-16T00:21:40Z" finished-at="2020-07-16T00:21:40Z">
          <exception class="java.lang.AssertionError">
            <message>
              <![CDATA[expected [Cogmento CRM1] but found [Cogmento CRM]]]>
            </message>
            <full-stacktrace>
              <![CDATA[java.lang.AssertionError: expected [Cogmento CRM1] but found [Cogmento CRM]
	at org.testng.Assert.fail(Assert.java:93)
	at org.testng.Assert.failNotEquals(Assert.java:512)
	at org.testng.Assert.assertEqualsImpl(Assert.java:134)
	at org.testng.Assert.assertEquals(Assert.java:115)
	at org.testng.Assert.assertEquals(Assert.java:189)
	at org.testng.Assert.assertEquals(Assert.java:199)
	at com.crm.qa.test.LoginTest.validatePageTitle(LoginTest.java:40)
	at sun.reflect.NativeMethodAccessorImpl.invoke0(Native Method)
	at sun.reflect.NativeMethodAccessorImpl.invoke(NativeMethodAccessorImpl.java:62)
	at sun.reflect.DelegatingMethodAccessorImpl.invoke(DelegatingMethodAccessorImpl.java:43)
	at java.lang.reflect.Method.invoke(Method.java:498)
	at org.testng.internal.MethodInvocationHelper.invokeMethod(MethodInvocationHelper.java:108)
	at org.testng.internal.Invoker.invokeMethod(Invoker.java:661)
	at org.testng.internal.Invoker.invokeTestMethod(Invoker.java:869)
	at org.testng.internal.Invoker.invokeTestMethods(Invoker.java:1193)
	at org.testng.internal.TestMethodWorker.invokeTestMethods(TestMethodWorker.java:126)
	at org.testng.internal.TestMethodWorker.run(TestMethodWorker.java:109)
	at org.testng.TestRunner.privateRun(TestRunner.java:744)
	at org.testng.TestRunner.run(TestRunner.java:602)
	at org.testng.SuiteRunner.runTest(SuiteRunner.java:380)
	at org.testng.SuiteRunner.runSequentially(SuiteRunner.java:375)
	at org.testng.SuiteRunner.privateRun(SuiteRunner.java:340)
	at org.testng.SuiteRunner.run(SuiteRunner.java:289)
	at org.testng.SuiteRunnerWorker.runSuite(SuiteRunnerWorker.java:52)
	at org.testng.SuiteRunnerWorker.run(SuiteRunnerWorker.java:86)
	at org.testng.TestNG.runSuitesSequentially(TestNG.java:1301)
	at org.testng.TestNG.runSuitesLocally(TestNG.java:1226)
	at org.testng.TestNG.runSuites(TestNG.java:1144)
	at org.testng.TestNG.run(TestNG.java:1115)
	at org.apache.maven.surefire.testng.TestNGExecutor.run(TestNGExecutor.java:283)
	at org.apache.maven.surefire.testng.TestNGXmlTestSuite.execute(TestNGXmlTestSuite.java:75)
	at org.apache.maven.surefire.testng.TestNGProvider.invoke(TestNGProvider.java:120)
	at org.apache.maven.surefire.booter.ForkedBooter.invokeProviderInSameClassLoader(ForkedBooter.java:373)
	at org.apache.maven.surefire.booter.ForkedBooter.runSuitesInProcess(ForkedBooter.java:334)
	at org.apache.maven.surefire.booter.ForkedBooter.execute(ForkedBooter.java:119)
	at org.apache.maven.surefire.booter.ForkedBooter.main(ForkedBooter.java:407)
]]>
            </full-stacktrace>
          </exception> <!-- java.lang.AssertionError -->
          <reporter-output>
          </reporter-output>
        </test-method> <!-- validatePageTitle -->
        <test-method status="PASS" signature="tearDown(org.testng.ITestResult)[pri:0, instance:com.crm.qa.test.LoginTest@2ef9b8bc]" name="tearDown" is-config="true" duration-ms="987" started-at="2020-07-16T00:21:40Z" finished-at="2020-07-16T00:21:41Z">
          <params>
            <param index="0">
              <value>
                <![CDATA[[TestResult name=validatePageTitle status=FAILURE method=LoginTest.validatePageTitle()[pri:1, instance:com.crm.qa.test.LoginTest@2ef9b8bc] output={null}]]]>
              </value>
            </param>
          </params>
          <reporter-output>
          </reporter-output>
        </test-method> <!-- tearDown -->
        <test-method status="PASS" signature="setup()[pri:0, instance:com.crm.qa.test.LoginTest@2ef9b8bc]" name="setup" is-config="true" duration-ms="10870" started-at="2020-07-16T00:21:41Z" finished-at="2020-07-16T00:21:52Z">
          <reporter-output>
          </reporter-output>
        </test-method> <!-- setup -->
        <test-method status="PASS" signature="validateInvalidLogin()[pri:2, instance:com.crm.qa.test.LoginTest@2ef9b8bc]" name="validateInvalidLogin" duration-ms="1153" started-at="2020-07-16T00:21:52Z" finished-at="2020-07-16T00:21:53Z">
          <reporter-output>
          </reporter-output>
        </test-method> <!-- validateInvalidLogin -->
        <test-method status="PASS" signature="tearDown(org.testng.ITestResult)[pri:0, instance:com.crm.qa.test.LoginTest@2ef9b8bc]" name="tearDown" is-config="true" duration-ms="697" started-at="2020-07-16T00:21:53Z" finished-at="2020-07-16T00:21:54Z">
          <params>
            <param index="0">
              <value>
                <![CDATA[[TestResult name=validateInvalidLogin status=SUCCESS method=LoginTest.validateInvalidLogin()[pri:2, instance:com.crm.qa.test.LoginTest@2ef9b8bc] output={null}]]]>
              </value>
            </param>
          </params>
          <reporter-output>
          </reporter-output>
        </test-method> <!-- tearDown -->
        <test-method status="PASS" signature="setup()[pri:0, instance:com.crm.qa.test.LoginTest@2ef9b8bc]" name="setup" is-config="true" duration-ms="11671" started-at="2020-07-16T00:21:54Z" finished-at="2020-07-16T00:22:06Z">
          <reporter-output>
          </reporter-output>
        </test-method> <!-- setup -->
        <test-method status="PASS" signature="validateLogin()[pri:2, instance:com.crm.qa.test.LoginTest@2ef9b8bc]" name="validateLogin" duration-ms="1395" started-at="2020-07-16T00:22:06Z" finished-at="2020-07-16T00:22:07Z">
          <reporter-output>
          </reporter-output>
        </test-method> <!-- validateLogin -->
        <test-method status="PASS" signature="tearDown(org.testng.ITestResult)[pri:0, instance:com.crm.qa.test.LoginTest@2ef9b8bc]" name="tearDown" is-config="true" duration-ms="659" started-at="2020-07-16T00:22:07Z" finished-at="2020-07-16T00:22:08Z">
          <params>
            <param index="0">
              <value>
                <![CDATA[[TestResult name=validateLogin status=SUCCESS method=LoginTest.validateLogin()[pri:2, instance:com.crm.qa.test.LoginTest@2ef9b8bc] output={null}]]]>
              </value>
            </param>
          </params>
          <reporter-output>
          </reporter-output>
        </test-method> <!-- tearDown -->
        <test-method status="PASS" signature="endreport()[pri:0, instance:com.crm.qa.test.LoginTest@2ef9b8bc]" name="endreport" is-config="true" duration-ms="312" started-at="2020-07-16T00:22:08Z" finished-at="2020-07-16T00:22:08Z">
          <reporter-output>
          </reporter-output>
        </test-method> <!-- endreport -->
      </class> <!-- com.crm.qa.test.LoginTest -->
    </test> <!-- Free CRM test case -->
  </suite> <!-- Free CRM Test suite -->
</testng-results>
