<?xml version="1.0" encoding="UTF-8"?>
<testng-results skipped="0" failed="0" ignored="0" total="3" passed="3">
  <reporter-output>
  </reporter-output>
  <suite name="Default suite" duration-ms="173499" started-at="2020-07-02T15:15:22Z" finished-at="2020-07-02T15:18:16Z">
    <groups>
    </groups>
    <test name="Default test" duration-ms="173499" started-at="2020-07-02T15:15:22Z" finished-at="2020-07-02T15:18:16Z">
      <class name="com.crm.qa.test.LoginTest">
        <test-method status="PASS" signature="setup()[pri:0, instance:com.crm.qa.test.LoginTest@3ffc5af1]" name="setup" is-config="true" duration-ms="54893" started-at="2020-07-02T20:45:22Z" finished-at="2020-07-02T20:46:17Z">
          <reporter-output>
          </reporter-output>
        </test-method> <!-- setup -->
        <test-method status="PASS" signature="validatePageTitle()[pri:1, instance:com.crm.qa.test.LoginTest@3ffc5af1]" name="validatePageTitle" duration-ms="15" started-at="2020-07-02T20:46:17Z" finished-at="2020-07-02T20:46:17Z">
          <reporter-output>
          </reporter-output>
        </test-method> <!-- validatePageTitle -->
        <test-method status="PASS" signature="tearDown(org.testng.ITestResult)[pri:0, instance:com.crm.qa.test.LoginTest@3ffc5af1]" name="tearDown" is-config="true" duration-ms="910" started-at="2020-07-02T20:46:17Z" finished-at="2020-07-02T20:46:18Z">
          <params>
            <param index="0">
              <value>
                <![CDATA[[TestResult name=validatePageTitle status=SUCCESS method=LoginTest.validatePageTitle()[pri:1, instance:com.crm.qa.test.LoginTest@3ffc5af1] output={null}]]]>
              </value>
            </param>
          </params>
          <reporter-output>
          </reporter-output>
        </test-method> <!-- tearDown -->
        <test-method status="PASS" signature="setup()[pri:0, instance:com.crm.qa.test.LoginTest@3ffc5af1]" name="setup" is-config="true" duration-ms="10180" started-at="2020-07-02T20:46:18Z" finished-at="2020-07-02T20:46:28Z">
          <reporter-output>
          </reporter-output>
        </test-method> <!-- setup -->
        <test-method status="PASS" signature="validateInvalidLogin()[pri:2, instance:com.crm.qa.test.LoginTest@3ffc5af1]" name="validateInvalidLogin" duration-ms="1725" started-at="2020-07-02T20:46:28Z" finished-at="2020-07-02T20:46:30Z">
          <reporter-output>
          </reporter-output>
        </test-method> <!-- validateInvalidLogin -->
        <test-method status="PASS" signature="tearDown(org.testng.ITestResult)[pri:0, instance:com.crm.qa.test.LoginTest@3ffc5af1]" name="tearDown" is-config="true" duration-ms="672" started-at="2020-07-02T20:46:30Z" finished-at="2020-07-02T20:46:31Z">
          <params>
            <param index="0">
              <value>
                <![CDATA[[TestResult name=validateInvalidLogin status=SUCCESS method=LoginTest.validateInvalidLogin()[pri:2, instance:com.crm.qa.test.LoginTest@3ffc5af1] output={null}]]]>
              </value>
            </param>
          </params>
          <reporter-output>
          </reporter-output>
        </test-method> <!-- tearDown -->
        <test-method status="PASS" signature="setup()[pri:0, instance:com.crm.qa.test.LoginTest@3ffc5af1]" name="setup" is-config="true" duration-ms="99816" started-at="2020-07-02T20:46:31Z" finished-at="2020-07-02T20:48:11Z">
          <reporter-output>
          </reporter-output>
        </test-method> <!-- setup -->
        <test-method status="PASS" signature="validateLogin()[pri:2, instance:com.crm.qa.test.LoginTest@3ffc5af1]" name="validateLogin" duration-ms="4542" started-at="2020-07-02T20:48:11Z" finished-at="2020-07-02T20:48:15Z">
          <reporter-output>
          </reporter-output>
        </test-method> <!-- validateLogin -->
        <test-method status="PASS" signature="tearDown(org.testng.ITestResult)[pri:0, instance:com.crm.qa.test.LoginTest@3ffc5af1]" name="tearDown" is-config="true" duration-ms="728" started-at="2020-07-02T20:48:15Z" finished-at="2020-07-02T20:48:16Z">
          <params>
            <param index="0">
              <value>
                <![CDATA[[TestResult name=validateLogin status=SUCCESS method=LoginTest.validateLogin()[pri:2, instance:com.crm.qa.test.LoginTest@3ffc5af1] output={null}]]]>
              </value>
            </param>
          </params>
          <reporter-output>
          </reporter-output>
        </test-method> <!-- tearDown -->
      </class> <!-- com.crm.qa.test.LoginTest -->
    </test> <!-- Default test -->
  </suite> <!-- Default suite -->
</testng-results>
