<?xml version="1.0" encoding="UTF-8"?>
<!-- Generated by org.testng.reporters.JUnitXMLReporter -->
<testsuite hostname="360NDCLP182" ignored="0" name="Free CRM test case" tests="3" failures="1" timestamp="15 Jul 2020 18:52:08 GMT" time="40.223" errors="0">
  <testcase name="validatePageTitle" time="0.016" classname="com.crm.qa.test.LoginTest">
    <failure type="java.lang.AssertionError" message="expected [Cogmento CRM1] but found [Cogmento CRM]">
      <![CDATA[java.lang.AssertionError: expected [Cogmento CRM1] but found [Cogmento CRM]
	at com.crm.qa.test.LoginTest.validatePageTitle(LoginTest.java:40)
... Removed 35 stack frames]]>
    </failure>
  </testcase> <!-- validatePageTitle -->
  <testcase name="validateInvalidLogin" time="1.153" classname="com.crm.qa.test.LoginTest"/>
  <testcase name="validateLogin" time="1.395" classname="com.crm.qa.test.LoginTest"/>
</testsuite> <!-- Free CRM test case -->
