<?xml version="1.0" encoding="UTF-8"?>
<!-- Generated by org.testng.reporters.JUnitXMLReporter -->
<testsuite hostname="360NDCLP182" ignored="0" name="Free CRM test case" tests="3" failures="1" timestamp="17 Jul 2020 10:41:25 GMT" time="43.76" errors="0">
  <testcase name="validatePageTitle" time="0.013" classname="com.crm.qa.test.LoginTest">
    <failure type="java.lang.AssertionError" message="expected [Cogmento CRM1] but found [Cogmento CRM]">
      <![CDATA[java.lang.AssertionError: expected [Cogmento CRM1] but found [Cogmento CRM]
	at com.crm.qa.test.LoginTest.validatePageTitle(LoginTest.java:41)
... Removed 35 stack frames]]>
    </failure>
  </testcase> <!-- validatePageTitle -->
  <testcase name="validateInvalidLogin" time="1.145" classname="com.crm.qa.test.LoginTest"/>
  <testcase name="validateLogin" time="1.355" classname="com.crm.qa.test.LoginTest"/>
</testsuite> <!-- Free CRM test case -->
